[35m[1mConsolidate compiler generated dependencies of target adrc_lib[0m
[ 25%] [32mBuilding CXX object CMakeFiles/adrc_lib.dir/src/ADRC.cpp.o[0m
[ 50%] [32m[1mLinking CXX static library libadrc_lib.a[0m
[ 50%] Built target adrc_lib
[35m[1mConsolidate compiler generated dependencies of target mimo_node[0m
[ 75%] [32mBuilding CXX object CMakeFiles/mimo_node.dir/src/mimo_node.cpp.o[0m
In file included from [01m[K/home/pjp2/adrc_new_ws/src/mimo_adrc/src/mimo_node.cpp:2[m[K:
[01m[K/home/pjp2/adrc_new_ws/src/mimo_adrc/include/mimo_adrc/MimoADRC.h:21:10:[m[K [01;31m[Kerror: [m[Kextra qualification â€˜[01m[KMimoADRC::[m[Kâ€™ on member â€˜[01m[KgetZ3[m[Kâ€™ [[01;31m[K]8;;https://gcc.gnu.org/onlinedocs/gcc/Warning-Options.html#index-fpermissive-fpermissive]8;;[m[K]
   21 |     void [01;31m[KMimoADRC[m[K::getZ3(float z3[8]) {
      |          [01;31m[K^~~~~~~~[m[K
gmake[2]: *** [CMakeFiles/mimo_node.dir/build.make:76: CMakeFiles/mimo_node.dir/src/mimo_node.cpp.o] Error 1
gmake[1]: *** [CMakeFiles/Makefile2:165: CMakeFiles/mimo_node.dir/all] Error 2
gmake: *** [Makefile:146: all] Error 2
